24/07/2025 04:21:50 :: Ejecución completa
24/07/2025 04:21:50 :: bin_integrity → 0 alertas
24/07/2025 04:21:50 :: logged_users → 1 alertas
24/07/2025 04:21:50 :: sniffers → 1 alertas
24/07/2025 04:21:50 :: log_analyzer → 108 alertas
24/07/2025 04:21:50 :: mail_monitor → 3 alertas
24/07/2025 04:21:50 :: ddos_detector → 0 alertas
24/07/2025 04:21:50 :: memory_monitor → 0 alertas
24/07/2025 04:21:50 :: process_monitor → 0 alertas
24/07/2025 04:21:50 :: tmp_monitor → 1 alertas
24/07/2025 04:21:50 :: cron_monitor → 0 alertas
24/07/2025 04:23:08 :: Ejecución completa
24/07/2025 04:23:08 :: bin_integrity → 0 alertas
24/07/2025 04:23:08 :: logged_users → 1 alertas
24/07/2025 04:23:08 :: sniffers → 1 alertas
24/07/2025 04:23:08 :: log_analyzer → 108 alertas
24/07/2025 04:23:08 :: mail_monitor → 3 alertas
24/07/2025 04:23:08 :: ddos_detector → 0 alertas
24/07/2025 04:23:08 :: memory_monitor → 0 alertas
24/07/2025 04:23:08 :: process_monitor → 0 alertas
24/07/2025 04:23:08 :: tmp_monitor → 0 alertas
24/07/2025 04:23:08 :: cron_monitor → 0 alertas
24/07/2025 04:24:27 :: Ejecución completa
24/07/2025 04:24:27 :: bin_integrity → 0 alertas
24/07/2025 04:24:27 :: logged_users → 1 alertas
24/07/2025 04:24:27 :: sniffers → 1 alertas
24/07/2025 04:24:27 :: log_analyzer → 108 alertas
24/07/2025 04:24:27 :: mail_monitor → 3 alertas
24/07/2025 04:24:27 :: ddos_detector → 0 alertas
24/07/2025 04:24:27 :: memory_monitor → 0 alertas
24/07/2025 04:24:27 :: process_monitor → 0 alertas
24/07/2025 04:24:27 :: tmp_monitor → 0 alertas
24/07/2025 04:24:27 :: cron_monitor → 0 alertas
24/07/2025 04:25:48 :: Ejecución completa
24/07/2025 04:25:48 :: bin_integrity → 0 alertas
24/07/2025 04:25:48 :: logged_users → 1 alertas
24/07/2025 04:25:48 :: sniffers → 1 alertas
24/07/2025 04:25:48 :: log_analyzer → 109 alertas
24/07/2025 04:25:48 :: mail_monitor → 3 alertas
24/07/2025 04:25:48 :: ddos_detector → 0 alertas
24/07/2025 04:25:48 :: memory_monitor → 0 alertas
24/07/2025 04:25:48 :: process_monitor → 0 alertas
24/07/2025 04:25:48 :: tmp_monitor → 0 alertas
24/07/2025 04:25:48 :: cron_monitor → 0 alertas
24/07/2025 04:27:09 :: Ejecución completa
24/07/2025 04:27:09 :: bin_integrity → 0 alertas
24/07/2025 04:27:09 :: logged_users → 1 alertas
24/07/2025 04:27:09 :: sniffers → 1 alertas
24/07/2025 04:27:09 :: log_analyzer → 108 alertas
24/07/2025 04:27:09 :: mail_monitor → 3 alertas
24/07/2025 04:27:09 :: ddos_detector → 0 alertas
24/07/2025 04:27:09 :: memory_monitor → 0 alertas
24/07/2025 04:27:09 :: process_monitor → 0 alertas
24/07/2025 04:27:09 :: tmp_monitor → 0 alertas
24/07/2025 04:27:09 :: cron_monitor → 0 alertas
24/07/2025 04:28:29 :: Ejecución completa
24/07/2025 04:28:29 :: bin_integrity → 0 alertas
24/07/2025 04:28:29 :: logged_users → 1 alertas
24/07/2025 04:28:29 :: sniffers → 1 alertas
24/07/2025 04:28:29 :: log_analyzer → 108 alertas
24/07/2025 04:28:29 :: mail_monitor → 3 alertas
24/07/2025 04:28:29 :: ddos_detector → 0 alertas
24/07/2025 04:28:29 :: memory_monitor → 0 alertas
24/07/2025 04:28:29 :: process_monitor → 0 alertas
24/07/2025 04:28:29 :: tmp_monitor → 0 alertas
24/07/2025 04:28:29 :: cron_monitor → 0 alertas
24/07/2025 04:29:48 :: Ejecución completa
24/07/2025 04:29:48 :: bin_integrity → 0 alertas
24/07/2025 04:29:48 :: logged_users → 1 alertas
24/07/2025 04:29:48 :: sniffers → 1 alertas
24/07/2025 04:29:48 :: log_analyzer → 108 alertas
24/07/2025 04:29:48 :: mail_monitor → 3 alertas
24/07/2025 04:29:48 :: ddos_detector → 0 alertas
24/07/2025 04:29:48 :: memory_monitor → 0 alertas
24/07/2025 04:29:48 :: process_monitor → 0 alertas
24/07/2025 04:29:48 :: tmp_monitor → 0 alertas
24/07/2025 04:29:48 :: cron_monitor → 0 alertas
24/07/2025 04:31:07 :: Ejecución completa
24/07/2025 04:31:07 :: bin_integrity → 0 alertas
24/07/2025 04:31:07 :: logged_users → 1 alertas
24/07/2025 04:31:07 :: sniffers → 1 alertas
24/07/2025 04:31:07 :: log_analyzer → 108 alertas
24/07/2025 04:31:07 :: mail_monitor → 3 alertas
24/07/2025 04:31:07 :: ddos_detector → 0 alertas
24/07/2025 04:31:07 :: memory_monitor → 0 alertas
24/07/2025 04:31:07 :: process_monitor → 0 alertas
24/07/2025 04:31:07 :: tmp_monitor → 0 alertas
24/07/2025 04:31:07 :: cron_monitor → 0 alertas
24/07/2025 04:32:26 :: Ejecución completa
24/07/2025 04:32:26 :: bin_integrity → 0 alertas
24/07/2025 04:32:26 :: logged_users → 1 alertas
24/07/2025 04:32:26 :: sniffers → 1 alertas
24/07/2025 04:32:26 :: log_analyzer → 1000 alertas
24/07/2025 04:32:26 :: mail_monitor → 3 alertas
24/07/2025 04:32:26 :: ddos_detector → 0 alertas
24/07/2025 04:32:26 :: memory_monitor → 0 alertas
24/07/2025 04:32:26 :: process_monitor → 0 alertas
24/07/2025 04:32:26 :: tmp_monitor → 0 alertas
24/07/2025 04:32:26 :: cron_monitor → 0 alertas
24/07/2025 04:33:51 :: Ejecución completa
24/07/2025 04:33:51 :: bin_integrity → 0 alertas
24/07/2025 04:33:51 :: logged_users → 1 alertas
24/07/2025 04:33:51 :: sniffers → 1 alertas
24/07/2025 04:33:51 :: log_analyzer → 1000 alertas
24/07/2025 04:33:51 :: mail_monitor → 3 alertas
24/07/2025 04:33:51 :: ddos_detector → 0 alertas
24/07/2025 04:33:51 :: memory_monitor → 0 alertas
24/07/2025 04:33:51 :: process_monitor → 0 alertas
24/07/2025 04:33:51 :: tmp_monitor → 0 alertas
24/07/2025 04:33:51 :: cron_monitor → 0 alertas
24/07/2025 04:35:14 :: Ejecución completa
24/07/2025 04:35:14 :: bin_integrity → 0 alertas
24/07/2025 04:35:14 :: logged_users → 1 alertas
24/07/2025 04:35:14 :: sniffers → 1 alertas
24/07/2025 04:35:14 :: log_analyzer → 1000 alertas
24/07/2025 04:35:14 :: mail_monitor → 3 alertas
24/07/2025 04:35:14 :: ddos_detector → 0 alertas
24/07/2025 04:35:14 :: memory_monitor → 0 alertas
24/07/2025 04:35:14 :: process_monitor → 0 alertas
24/07/2025 04:35:14 :: tmp_monitor → 1 alertas
24/07/2025 04:35:14 :: cron_monitor → 0 alertas
24/07/2025 05:06:36 :: Ejecución completa
24/07/2025 05:06:36 :: bin_integrity → 0 alertas
24/07/2025 05:06:36 :: logged_users → 1 alertas
24/07/2025 05:06:36 :: sniffers → 1 alertas
24/07/2025 05:06:36 :: log_analyzer → 105 alertas
24/07/2025 05:06:36 :: mail_monitor → 3 alertas
24/07/2025 05:06:36 :: ddos_detector → 0 alertas
24/07/2025 05:06:36 :: memory_monitor → 0 alertas
24/07/2025 05:06:36 :: process_monitor → 0 alertas
24/07/2025 05:06:36 :: tmp_monitor → 0 alertas
24/07/2025 05:06:36 :: cron_monitor → 0 alertas
24/07/2025 05:07:57 :: Ejecución completa
24/07/2025 05:07:57 :: bin_integrity → 0 alertas
24/07/2025 05:07:57 :: logged_users → 1 alertas
24/07/2025 05:07:57 :: sniffers → 1 alertas
24/07/2025 05:07:57 :: log_analyzer → 105 alertas
24/07/2025 05:07:57 :: mail_monitor → 3 alertas
24/07/2025 05:07:57 :: ddos_detector → 0 alertas
24/07/2025 05:07:57 :: memory_monitor → 0 alertas
24/07/2025 05:07:57 :: process_monitor → 0 alertas
24/07/2025 05:07:57 :: tmp_monitor → 0 alertas
24/07/2025 05:07:57 :: cron_monitor → 0 alertas
24/07/2025 05:09:19 :: Ejecución completa
24/07/2025 05:09:19 :: bin_integrity → 0 alertas
24/07/2025 05:09:19 :: logged_users → 1 alertas
24/07/2025 05:09:19 :: sniffers → 1 alertas
24/07/2025 05:09:19 :: log_analyzer → 105 alertas
24/07/2025 05:09:19 :: mail_monitor → 3 alertas
24/07/2025 05:09:19 :: ddos_detector → 0 alertas
24/07/2025 05:09:19 :: memory_monitor → 0 alertas
24/07/2025 05:09:19 :: process_monitor → 0 alertas
24/07/2025 05:09:19 :: tmp_monitor → 0 alertas
24/07/2025 05:09:19 :: cron_monitor → 0 alertas
24/07/2025 05:10:39 :: Ejecución completa
24/07/2025 05:10:39 :: bin_integrity → 0 alertas
24/07/2025 05:10:39 :: logged_users → 1 alertas
24/07/2025 05:10:39 :: sniffers → 1 alertas
24/07/2025 05:10:39 :: log_analyzer → 106 alertas
24/07/2025 05:10:39 :: mail_monitor → 3 alertas
24/07/2025 05:10:39 :: ddos_detector → 0 alertas
24/07/2025 05:10:39 :: memory_monitor → 0 alertas
24/07/2025 05:10:39 :: process_monitor → 0 alertas
24/07/2025 05:10:39 :: tmp_monitor → 0 alertas
24/07/2025 05:10:39 :: cron_monitor → 0 alertas
24/07/2025 05:12:01 :: Ejecución completa
24/07/2025 05:12:01 :: bin_integrity → 0 alertas
24/07/2025 05:12:01 :: logged_users → 1 alertas
24/07/2025 05:12:01 :: sniffers → 1 alertas
24/07/2025 05:12:01 :: log_analyzer → 106 alertas
24/07/2025 05:12:01 :: mail_monitor → 3 alertas
24/07/2025 05:12:01 :: ddos_detector → 0 alertas
24/07/2025 05:12:01 :: memory_monitor → 0 alertas
24/07/2025 05:12:01 :: process_monitor → 0 alertas
24/07/2025 05:12:01 :: tmp_monitor → 0 alertas
24/07/2025 05:12:01 :: cron_monitor → 0 alertas
24/07/2025 05:13:21 :: Ejecución completa
24/07/2025 05:13:21 :: bin_integrity → 0 alertas
24/07/2025 05:13:21 :: logged_users → 1 alertas
24/07/2025 05:13:21 :: sniffers → 1 alertas
24/07/2025 05:13:21 :: log_analyzer → 106 alertas
24/07/2025 05:13:21 :: mail_monitor → 3 alertas
24/07/2025 05:13:21 :: ddos_detector → 0 alertas
24/07/2025 05:13:21 :: memory_monitor → 0 alertas
24/07/2025 05:13:21 :: process_monitor → 0 alertas
24/07/2025 05:13:21 :: tmp_monitor → 0 alertas
24/07/2025 05:13:21 :: cron_monitor → 0 alertas
24/07/2025 05:14:43 :: Ejecución completa
24/07/2025 05:14:43 :: bin_integrity → 0 alertas
24/07/2025 05:14:43 :: logged_users → 1 alertas
24/07/2025 05:14:43 :: sniffers → 1 alertas
24/07/2025 05:14:43 :: log_analyzer → 109 alertas
24/07/2025 05:14:43 :: mail_monitor → 3 alertas
24/07/2025 05:14:43 :: ddos_detector → 0 alertas
24/07/2025 05:14:43 :: memory_monitor → 0 alertas
24/07/2025 05:14:43 :: process_monitor → 0 alertas
24/07/2025 05:14:43 :: tmp_monitor → 0 alertas
24/07/2025 05:14:43 :: cron_monitor → 0 alertas
24/07/2025 05:16:03 :: Ejecución completa
24/07/2025 05:16:03 :: bin_integrity → 0 alertas
24/07/2025 05:16:03 :: logged_users → 1 alertas
24/07/2025 05:16:03 :: sniffers → 1 alertas
24/07/2025 05:16:03 :: log_analyzer → 114 alertas
24/07/2025 05:16:03 :: mail_monitor → 3 alertas
24/07/2025 05:16:03 :: ddos_detector → 0 alertas
24/07/2025 05:16:03 :: memory_monitor → 0 alertas
24/07/2025 05:16:03 :: process_monitor → 0 alertas
24/07/2025 05:16:03 :: tmp_monitor → 0 alertas
24/07/2025 05:16:03 :: cron_monitor → 0 alertas
24/07/2025 05:17:24 :: Ejecución completa
24/07/2025 05:17:24 :: bin_integrity → 0 alertas
24/07/2025 05:17:24 :: logged_users → 1 alertas
24/07/2025 05:17:24 :: sniffers → 1 alertas
24/07/2025 05:17:24 :: log_analyzer → 111 alertas
24/07/2025 05:17:24 :: mail_monitor → 3 alertas
24/07/2025 05:17:24 :: ddos_detector → 0 alertas
24/07/2025 05:17:24 :: memory_monitor → 0 alertas
24/07/2025 05:17:24 :: process_monitor → 0 alertas
24/07/2025 05:17:24 :: tmp_monitor → 0 alertas
24/07/2025 05:17:24 :: cron_monitor → 0 alertas
24/07/2025 05:18:46 :: Ejecución completa
24/07/2025 05:18:46 :: bin_integrity → 0 alertas
24/07/2025 05:18:46 :: logged_users → 1 alertas
24/07/2025 05:18:46 :: sniffers → 1 alertas
24/07/2025 05:18:46 :: log_analyzer → 114 alertas
24/07/2025 05:18:46 :: mail_monitor → 3 alertas
24/07/2025 05:18:46 :: ddos_detector → 0 alertas
24/07/2025 05:18:46 :: memory_monitor → 0 alertas
24/07/2025 05:18:46 :: process_monitor → 0 alertas
24/07/2025 05:18:46 :: tmp_monitor → 0 alertas
24/07/2025 05:18:46 :: cron_monitor → 0 alertas
24/07/2025 05:20:06 :: Ejecución completa
24/07/2025 05:20:06 :: bin_integrity → 0 alertas
24/07/2025 05:20:06 :: logged_users → 1 alertas
24/07/2025 05:20:06 :: sniffers → 1 alertas
24/07/2025 05:20:06 :: log_analyzer → 122 alertas
24/07/2025 05:20:06 :: mail_monitor → 3 alertas
24/07/2025 05:20:06 :: ddos_detector → 0 alertas
24/07/2025 05:20:06 :: memory_monitor → 0 alertas
24/07/2025 05:20:06 :: process_monitor → 0 alertas
24/07/2025 05:20:06 :: tmp_monitor → 0 alertas
24/07/2025 05:20:06 :: cron_monitor → 0 alertas
24/07/2025 05:21:28 :: Ejecución completa
24/07/2025 05:21:28 :: bin_integrity → 0 alertas
24/07/2025 05:21:28 :: logged_users → 1 alertas
24/07/2025 05:21:28 :: sniffers → 1 alertas
24/07/2025 05:21:28 :: log_analyzer → 122 alertas
24/07/2025 05:21:28 :: mail_monitor → 3 alertas
24/07/2025 05:21:28 :: ddos_detector → 0 alertas
24/07/2025 05:21:28 :: memory_monitor → 0 alertas
24/07/2025 05:21:28 :: process_monitor → 0 alertas
24/07/2025 05:21:28 :: tmp_monitor → 0 alertas
24/07/2025 05:21:28 :: cron_monitor → 0 alertas
24/07/2025 05:22:48 :: Ejecución completa
24/07/2025 05:22:48 :: bin_integrity → 0 alertas
24/07/2025 05:22:48 :: logged_users → 1 alertas
24/07/2025 05:22:48 :: sniffers → 1 alertas
24/07/2025 05:22:48 :: log_analyzer → 122 alertas
24/07/2025 05:22:48 :: mail_monitor → 3 alertas
24/07/2025 05:22:48 :: ddos_detector → 0 alertas
24/07/2025 05:22:48 :: memory_monitor → 0 alertas
24/07/2025 05:22:48 :: process_monitor → 0 alertas
24/07/2025 05:22:48 :: tmp_monitor → 0 alertas
24/07/2025 05:22:48 :: cron_monitor → 0 alertas
24/07/2025 05:24:09 :: Ejecución completa
24/07/2025 05:24:09 :: bin_integrity → 0 alertas
24/07/2025 05:24:09 :: logged_users → 1 alertas
24/07/2025 05:24:09 :: sniffers → 1 alertas
24/07/2025 05:24:09 :: log_analyzer → 123 alertas
24/07/2025 05:24:09 :: mail_monitor → 3 alertas
24/07/2025 05:24:09 :: ddos_detector → 0 alertas
24/07/2025 05:24:09 :: memory_monitor → 0 alertas
24/07/2025 05:24:09 :: process_monitor → 0 alertas
24/07/2025 05:24:09 :: tmp_monitor → 0 alertas
24/07/2025 05:24:09 :: cron_monitor → 0 alertas
24/07/2025 05:27:46 :: Ejecución completa
24/07/2025 05:27:46 :: bin_integrity → 0 alertas
24/07/2025 05:27:46 :: logged_users → 1 alertas
24/07/2025 05:27:46 :: sniffers → 1 alertas
24/07/2025 05:27:46 :: log_analyzer → 120 alertas
24/07/2025 05:27:46 :: mail_monitor → 3 alertas
24/07/2025 05:27:46 :: ddos_detector → 0 alertas
24/07/2025 05:27:46 :: memory_monitor → 0 alertas
24/07/2025 05:27:46 :: process_monitor → 3 alertas
24/07/2025 05:27:46 :: tmp_monitor → 0 alertas
24/07/2025 05:27:46 :: cron_monitor → 0 alertas
24/07/2025 05:28:26 :: Ejecución completa
24/07/2025 05:28:26 :: bin_integrity → 0 alertas
24/07/2025 05:28:26 :: logged_users → 1 alertas
24/07/2025 05:28:26 :: sniffers → 1 alertas
24/07/2025 05:28:26 :: log_analyzer → 119 alertas
24/07/2025 05:28:26 :: mail_monitor → 3 alertas
24/07/2025 05:28:26 :: ddos_detector → 0 alertas
24/07/2025 05:28:26 :: memory_monitor → 0 alertas
24/07/2025 05:28:26 :: process_monitor → 3 alertas
24/07/2025 05:28:26 :: tmp_monitor → 0 alertas
24/07/2025 05:28:26 :: cron_monitor → 0 alertas
